1543390269457|182|statement|connection 0|url |CREATE TABLE IF NOT EXISTS  USER (   id BIGINT(20) NOT NULL AUTO_INCREMENT,   name VARCHAR(30) NULL DEFAULT NULL ,   age INT(11) NULL DEFAULT NULL ,   PRIMARY KEY (id) );|CREATE TABLE IF NOT EXISTS  USER (   id BIGINT(20) NOT NULL AUTO_INCREMENT,   name VARCHAR(30) NULL DEFAULT NULL ,   age INT(11) NULL DEFAULT NULL ,   PRIMARY KEY (id) );
1543390409443|145|statement|connection 0|url |CREATE TABLE IF NOT EXISTS  USER (   id BIGINT(20) NOT NULL AUTO_INCREMENT,   name VARCHAR(30) NULL DEFAULT NULL ,   age INT(11) NULL DEFAULT NULL ,   PRIMARY KEY (id) );|CREATE TABLE IF NOT EXISTS  USER (   id BIGINT(20) NOT NULL AUTO_INCREMENT,   name VARCHAR(30) NULL DEFAULT NULL ,   age INT(11) NULL DEFAULT NULL ,   PRIMARY KEY (id) );
1543390612919|143|statement|connection 0|url |CREATE TABLE IF NOT EXISTS  USER (   id BIGINT(20) NOT NULL AUTO_INCREMENT,   name VARCHAR(30) NULL DEFAULT NULL ,   age INT(11) NULL DEFAULT NULL ,   PRIMARY KEY (id) );|CREATE TABLE IF NOT EXISTS  USER (   id BIGINT(20) NOT NULL AUTO_INCREMENT,   name VARCHAR(30) NULL DEFAULT NULL ,   age INT(11) NULL DEFAULT NULL ,   PRIMARY KEY (id) );
1543390613097|26|statement|connection 1|url |INSERT INTO user (name,age) values (?,?)|INSERT INTO user (name,age) values ('测试用户slave2-754722822',77)
1543390649710|122|statement|connection 0|url |CREATE TABLE IF NOT EXISTS  user (   id BIGINT(20) NOT NULL AUTO_INCREMENT,   name VARCHAR(30) NULL DEFAULT NULL ,   age INT(11) NULL DEFAULT NULL ,   PRIMARY KEY (id) );|CREATE TABLE IF NOT EXISTS  user (   id BIGINT(20) NOT NULL AUTO_INCREMENT,   name VARCHAR(30) NULL DEFAULT NULL ,   age INT(11) NULL DEFAULT NULL ,   PRIMARY KEY (id) );
1543390649831|9|statement|connection 1|url |INSERT INTO user (name,age) values (?,?)|INSERT INTO user (name,age) values ('测试用户slave1-1237569539',75)
1543390689915|148|statement|connection 0|url |CREATE TABLE IF NOT EXISTS  user (   id BIGINT(20) NOT NULL AUTO_INCREMENT,   name VARCHAR(30) NULL DEFAULT NULL ,   age INT(11) NULL DEFAULT NULL ,   PRIMARY KEY (id) );|CREATE TABLE IF NOT EXISTS  user (   id BIGINT(20) NOT NULL AUTO_INCREMENT,   name VARCHAR(30) NULL DEFAULT NULL ,   age INT(11) NULL DEFAULT NULL ,   PRIMARY KEY (id) );
1543390690018|12|statement|connection 1|url |INSERT INTO user (name,age) values (?,?)|INSERT INTO user (name,age) values ('测试用户-1359135018',37)
1543390690031|7|statement|connection 2|url |CREATE TABLE IF NOT EXISTS  user (   id BIGINT(20) NOT NULL AUTO_INCREMENT,   name VARCHAR(30) NULL DEFAULT NULL ,   age INT(11) NULL DEFAULT NULL ,   PRIMARY KEY (id) );|CREATE TABLE IF NOT EXISTS  user (   id BIGINT(20) NOT NULL AUTO_INCREMENT,   name VARCHAR(30) NULL DEFAULT NULL ,   age INT(11) NULL DEFAULT NULL ,   PRIMARY KEY (id) );
1543390690078|22|statement|connection 3|url |INSERT INTO user (name,age) values (?,?)|INSERT INTO user (name,age) values ('测试用户slave11390101408',71)
1543390690180|17|statement|connection 5|url |CREATE TABLE IF NOT EXISTS  user (   id BIGINT(20) NOT NULL AUTO_INCREMENT,   name VARCHAR(30) NULL DEFAULT NULL ,   age INT(11) NULL DEFAULT NULL ,   PRIMARY KEY (id) );|CREATE TABLE IF NOT EXISTS  user (   id BIGINT(20) NOT NULL AUTO_INCREMENT,   name VARCHAR(30) NULL DEFAULT NULL ,   age INT(11) NULL DEFAULT NULL ,   PRIMARY KEY (id) );
1543390690234|8|statement|connection 6|url |INSERT INTO user (name,age) values (?,?)|INSERT INTO user (name,age) values ('测试用户slave2-458010726',84)
1543390690251|10|statement|connection 7|url |CREATE TABLE IF NOT EXISTS  user (   id BIGINT(20) NOT NULL AUTO_INCREMENT,   name VARCHAR(30) NULL DEFAULT NULL ,   age INT(11) NULL DEFAULT NULL ,   PRIMARY KEY (id) );|CREATE TABLE IF NOT EXISTS  user (   id BIGINT(20) NOT NULL AUTO_INCREMENT,   name VARCHAR(30) NULL DEFAULT NULL ,   age INT(11) NULL DEFAULT NULL ,   PRIMARY KEY (id) );
1543390690308|3|statement|connection 8|url |SELECT * FROM user where age > ?|SELECT * FROM user where age > 1
1543390690338|7|statement|connection 9|url |CREATE TABLE IF NOT EXISTS  user (   id BIGINT(20) NOT NULL AUTO_INCREMENT,   name VARCHAR(30) NULL DEFAULT NULL ,   age INT(11) NULL DEFAULT NULL ,   PRIMARY KEY (id) );|CREATE TABLE IF NOT EXISTS  user (   id BIGINT(20) NOT NULL AUTO_INCREMENT,   name VARCHAR(30) NULL DEFAULT NULL ,   age INT(11) NULL DEFAULT NULL ,   PRIMARY KEY (id) );
1543390690352|8|statement|connection 10|url |CREATE TABLE IF NOT EXISTS  user (   id BIGINT(20) NOT NULL AUTO_INCREMENT,   name VARCHAR(30) NULL DEFAULT NULL ,   age INT(11) NULL DEFAULT NULL ,   PRIMARY KEY (id) );|CREATE TABLE IF NOT EXISTS  user (   id BIGINT(20) NOT NULL AUTO_INCREMENT,   name VARCHAR(30) NULL DEFAULT NULL ,   age INT(11) NULL DEFAULT NULL ,   PRIMARY KEY (id) );
1543390690358|4|statement|connection 11|url |SELECT * FROM user where age > ?|SELECT * FROM user where age > 1
1543390733449|114|statement|connection 0|url |CREATE TABLE IF NOT EXISTS  user (   id BIGINT(20) NOT NULL AUTO_INCREMENT,   name VARCHAR(30) NULL DEFAULT NULL ,   age INT(11) NULL DEFAULT NULL ,   PRIMARY KEY (id) );|CREATE TABLE IF NOT EXISTS  user (   id BIGINT(20) NOT NULL AUTO_INCREMENT,   name VARCHAR(30) NULL DEFAULT NULL ,   age INT(11) NULL DEFAULT NULL ,   PRIMARY KEY (id) );
1543390733576|9|statement|connection 1|url |INSERT INTO user (name,age) values (?,?)|INSERT INTO user (name,age) values ('测试用户slave1-208130684',13)
1543390878387|156|statement|connection 0|url |CREATE TABLE IF NOT EXISTS  user (   id BIGINT(20) NOT NULL AUTO_INCREMENT,   name VARCHAR(30) NULL DEFAULT NULL ,   age INT(11) NULL DEFAULT NULL ,   PRIMARY KEY (id) );|CREATE TABLE IF NOT EXISTS  user (   id BIGINT(20) NOT NULL AUTO_INCREMENT,   name VARCHAR(30) NULL DEFAULT NULL ,   age INT(11) NULL DEFAULT NULL ,   PRIMARY KEY (id) );
1543390878526|4|statement|connection 1|url |INSERT INTO user (name,age) values (?,?)|INSERT INTO user (name,age) values ('测试用户slave11148227066',49)
1543391036081|148|statement|connection 0|url |CREATE TABLE IF NOT EXISTS  user (   id BIGINT(20) NOT NULL AUTO_INCREMENT,   name VARCHAR(30) NULL DEFAULT NULL ,   age INT(11) NULL DEFAULT NULL ,   PRIMARY KEY (id) );|CREATE TABLE IF NOT EXISTS  user (   id BIGINT(20) NOT NULL AUTO_INCREMENT,   name VARCHAR(30) NULL DEFAULT NULL ,   age INT(11) NULL DEFAULT NULL ,   PRIMARY KEY (id) );
1543391036230|13|statement|connection 1|url |INSERT INTO user (name,age) values (?,?)|INSERT INTO user (name,age) values ('测试用户slave2329360494',43)
